<?xml version="1.0" encoding="UTF-8"?>
<testsuite name="Home Page_YES_HOP_TC_05"
           tests="6"
           failures="0"
           errors="0"
           skipped="0"
           time="49.319">
  <properties />
  
  
            <testcase name="Step01_HOMEPAGE_URL" time="13.548" classname="in.valtech.RoadScholar.test.HOP_TC_05" />
                <testcase name="Step04_EnterEmailAddress" time="10.219" classname="in.valtech.RoadScholar.test.HOP_TC_05" />
                <testcase name="Step03_clickOnSignINHeader" time="5.120" classname="in.valtech.RoadScholar.test.HOP_TC_05" />
                <testcase name="Step05_EnterPassword" time="5.137" classname="in.valtech.RoadScholar.test.HOP_TC_05" />
                <testcase name="Step06_ClickOnSignInButton" time="10.175" classname="in.valtech.RoadScholar.test.HOP_TC_05" />
                <testcase name="Step02_ClickonCloseModal" time="5.120" classname="in.valtech.RoadScholar.test.HOP_TC_05" />
      
</testsuite>
