<?xml version="1.0" encoding="UTF-8"?>
<testsuite name="Checkout_Step1_YES_CS1_TC_41"
           tests="12"
           failures="0"
           errors="0"
           skipped="0"
           time="131.994">
  <properties />
  
  
            <testcase name="Step02_clickingOnCloseButton" time="10.068" classname="in.valtech.RoadScholar.test.CS1_TC_41" />
                <testcase name="Step06_SignUpBtn" time="15.197" classname="in.valtech.RoadScholar.test.CS1_TC_41" />
                <testcase name="Step09_clickOnSelectBtn" time="13.743" classname="in.valtech.RoadScholar.test.CS1_TC_41" />
                <testcase name="Step08_clickOnDateAndPricesTab" time="15.342" classname="in.valtech.RoadScholar.test.CS1_TC_41" />
                <testcase name="Step11_clickChangeDateBtn" time="10.193" classname="in.valtech.RoadScholar.test.CS1_TC_41" />
                <testcase name="Step07_clickOnTripCard" time="14.371" classname="in.valtech.RoadScholar.test.CS1_TC_41" />
                <testcase name="Step03_ClickOnSignInLink" time="10.121" classname="in.valtech.RoadScholar.test.CS1_TC_41" />
                <testcase name="Step13_clickEnrollNow" time="5.092" classname="in.valtech.RoadScholar.test.CS1_TC_41" />
                <testcase name="Step01_HOMEPAGE_URL" time="7.412" classname="in.valtech.RoadScholar.test.CS1_TC_41" />
                <testcase name="Step04_Email" time="15.258" classname="in.valtech.RoadScholar.test.CS1_TC_41" />
                <testcase name="Step6_verifyChangeDateBtn" time="5.059" classname="in.valtech.RoadScholar.test.CS1_TC_41" />
                <testcase name="Step05_Passwd" time="10.138" classname="in.valtech.RoadScholar.test.CS1_TC_41" />
      
</testsuite>
