<?xml version="1.0" encoding="UTF-8"?>
<testsuite name="Checkout_ThankYou_YES_CTY_TC_52"
           tests="16"
           failures="0"
           errors="0"
           skipped="0"
           time="155.120">
  <properties />
  
  
            <testcase name="Step12_selectNoInterfaceRadioBtn" time="5.104" classname="in.valtech.RoadScholar.test.CTY_TC_52" />
                <testcase name="step01_HOMEPAGE_URL" time="7.433" classname="in.valtech.RoadScholar.test.CTY_TC_52" />
                <testcase name="Step09_clickOnDateAndPricesTab" time="10.697" classname="in.valtech.RoadScholar.test.CTY_TC_52" />
                <testcase name="Step04_Email" time="15.241" classname="in.valtech.RoadScholar.test.CTY_TC_52" />
                <testcase name="Step13_SelectDoubleRadioBtn" time="10.104" classname="in.valtech.RoadScholar.test.CTY_TC_52" />
                <testcase name="Step06_SignUpBtn" time="15.211" classname="in.valtech.RoadScholar.test.CTY_TC_52" />
                <testcase name="Step15_clickOnContinueBtn" time="20.152" classname="in.valtech.RoadScholar.test.CTY_TC_52" />
                <testcase name="Step07_EnterTripIdIntoSearchField" time="5.129" classname="in.valtech.RoadScholar.test.CTY_TC_52" />
                <testcase name="Step16_EnterValueFirstName" time="11.233" classname="in.valtech.RoadScholar.test.CTY_TC_52" />
                <testcase name="Step08_clickOnSearchButton" time="5.056" classname="in.valtech.RoadScholar.test.CTY_TC_52" />
                <testcase name="Step05_Passwd" time="10.164" classname="in.valtech.RoadScholar.test.CTY_TC_52" />
                <testcase name="Step11_click" time="5.092" classname="in.valtech.RoadScholar.test.CTY_TC_52" />
                <testcase name="Step02_clickingOnCloseButton" time="10.122" classname="in.valtech.RoadScholar.test.CTY_TC_52" />
                <testcase name="Step14_selectNoInterfaceRadioBtn" time="5.065" classname="in.valtech.RoadScholar.test.CTY_TC_52" />
                <testcase name="Step10_clickOnSelectBtn" time="9.185" classname="in.valtech.RoadScholar.test.CTY_TC_52" />
                <testcase name="Step03_ClickOnSignInLink" time="10.132" classname="in.valtech.RoadScholar.test.CTY_TC_52" />
      
</testsuite>
